<?xml version="1.0" encoding="UTF-8"?>
<!-- Generated by org.testng.reporters.JUnitXMLReporter -->
<testsuite ignored="0" hostname="LAPTOP-IO7O6G3K" failures="1" tests="13" name="Regression" time="48.61" errors="0" timestamp="2025-02-24T08:45:19 IST">
  <testcase classname="test.SwagLabLoginTest" name="verifySwagLabLogin" time="0.376"/>
  <testcase classname="test.AboutPageTest" name="verifyIfAboutPageIsAccesscible" time="4.37"/>
  <testcase classname="test.CheckoutOverviewTest" name="verifyPriceCaculationOnCartOverviewPage" time="0.901"/>
  <testcase classname="test.ProductSortTest" name="verifySortingOfProductWithZToA" time="0.826"/>
  <testcase classname="test.ProductSortTest" name="verifySortingWithPriceHighToLow" time="0.419"/>
  <testcase classname="test.ProductSortTest" name="verifySortingWithPriceLowToHigh" time="0.714"/>
  <testcase classname="test.ProductSortTest" name="verifySortingProductWithAtoZ" time="0.595"/>
  <testcase classname="test.AddToCartTest" name="verfiyIfUserIsAbleProductToCart" time="0.203"/>
  <testcase classname="test.AddToCartTest" name="verifyIfCorrectProuctIsAddedToCart" time="0.885">
    <failure type="java.lang.AssertionError" message="The following asserts failed:
	expected [Sauce Labs Bike Light] but found [Sauce Labs Backpack],
	expected [9.99] but found [29.99]">
      <![CDATA[java.lang.AssertionError: The following asserts failed:
expected [Sauce Labs Bike Light] but found [Sauce Labs Backpack],
expected [9.99] but found [29.99]
at test.AddToCartTest.verifyIfCorrectProuctIsAddedToCart(AddToCartTest.java:78)
at java.base/java.util.ArrayList.forEach(ArrayList.java:1511)
... Removed 29 stack frames]]>
    </failure>
  </testcase> <!-- verifyIfCorrectProuctIsAddedToCart -->
  <testcase classname="test.AddToCartTest" name="verifyIfUserIsAbletoRemoveAddedProductToCartFromHomePage" time="5.467"/>
  <testcase classname="test.AddToCartTest" name="verifyOnCLickingAddToCartRemoveOptionIsDisplayed" time="0.234"/>
  <testcase classname="test.AddToCartTest" name="verifyUserIsAbleToRemoveProductFromCart" time="0.001"/>
  <testcase classname="test.SawgLabLogoutTest" name="verifyIfUserIsAbleToLogout" time="0.8"/>
</testsuite> <!-- Regression -->
